-------------------------------------------------------------------------------
Test set: com.workout.post.management.PostManagementApplicationTests
-------------------------------------------------------------------------------
Tests run: 1, Failures: 0, Errors: 1, Skipped: 0, Time elapsed: 0.339 s <<< FAILURE! - in com.workout.post.management.PostManagementApplicationTests
com.workout.post.management.PostManagementApplicationTests  Time elapsed: 0.338 s  <<< ERROR!
java.lang.IllegalStateException: Unable to find a @SpringBootConfiguration, you need to use @ContextConfiguration or @SpringBootTest(classes=...) with your test

